Performing C SOURCE FILE Test CMAKE_HAVE_LIBC_PTHREAD failed with the following output:
Change Dir: /home/jiancheng/GRAMS/GRAMS/GRAMS_2021/build/CMakeFiles/CMakeTmp

Run Build Command(s):/usr/bin/gmake -f Makefile cmTC_15971/fast && /usr/bin/gmake  -f CMakeFiles/cmTC_15971.dir/build.make CMakeFiles/cmTC_15971.dir/build
gmake[1]: Entering directory '/home/jiancheng/GRAMS/GRAMS/GRAMS_2021/build/CMakeFiles/CMakeTmp'
Building C object CMakeFiles/cmTC_15971.dir/src.c.o
/usr/bin/cc -DCMAKE_HAVE_LIBC_PTHREAD   -o CMakeFiles/cmTC_15971.dir/src.c.o -c /home/jiancheng/GRAMS/GRAMS/GRAMS_2021/build/CMakeFiles/CMakeTmp/src.c
Linking C executable cmTC_15971
/usr/local/bin/cmake -E cmake_link_script CMakeFiles/cmTC_15971.dir/link.txt --verbose=1
/usr/bin/cc CMakeFiles/cmTC_15971.dir/src.c.o -o cmTC_15971 
/usr/bin/ld: CMakeFiles/cmTC_15971.dir/src.c.o: in function `main':
src.c:(.text+0x46): undefined reference to `pthread_create'
/usr/bin/ld: src.c:(.text+0x52): undefined reference to `pthread_detach'
/usr/bin/ld: src.c:(.text+0x5e): undefined reference to `pthread_cancel'
/usr/bin/ld: src.c:(.text+0x6f): undefined reference to `pthread_join'
collect2: error: ld returned 1 exit status
gmake[1]: *** [CMakeFiles/cmTC_15971.dir/build.make:99: cmTC_15971] Error 1
gmake[1]: Leaving directory '/home/jiancheng/GRAMS/GRAMS/GRAMS_2021/build/CMakeFiles/CMakeTmp'
gmake: *** [Makefile:127: cmTC_15971/fast] Error 2


Source file was:
#include <pthread.h>

static void* test_func(void* data)
{
  return data;
}

int main(void)
{
  pthread_t thread;
  pthread_create(&thread, NULL, test_func, NULL);
  pthread_detach(thread);
  pthread_cancel(thread);
  pthread_join(thread, NULL);
  pthread_atfork(NULL, NULL, NULL);
  pthread_exit(NULL);

  return 0;
}

