The system is: Linux - 5.11.0-36-generic - x86_64
Compiling the C compiler identification source file "CMakeCCompilerId.c" succeeded.
Compiler: /opt/gcc/gcc-11.2.0/bin/gcc 
Build flags: 
Id flags:  

The output was:
0


Compilation of the C compiler identification source "CMakeCCompilerId.c" produced "a.out"

The C compiler identification is GNU, found in "/home/aramakilab/GRAMS/GRAMS/GRAMS_2021/build/CMakeFiles/3.21.3/CompilerIdC/a.out"

Compiling the CXX compiler identification source file "CMakeCXXCompilerId.cpp" succeeded.
Compiler: /opt/gcc/gcc-11.2.0/bin/g++ 
Build flags: 
Id flags:  

The output was:
0


Compilation of the CXX compiler identification source "CMakeCXXCompilerId.cpp" produced "a.out"

The CXX compiler identification is GNU, found in "/home/aramakilab/GRAMS/GRAMS/GRAMS_2021/build/CMakeFiles/3.21.3/CompilerIdCXX/a.out"

Detecting C compiler ABI info compiled with the following output:
Change Dir: /home/aramakilab/GRAMS/GRAMS/GRAMS_2021/build/CMakeFiles/CMakeTmp

Run Build Command(s):/usr/bin/gmake -f Makefile cmTC_fb98c/fast && /usr/bin/gmake  -f CMakeFiles/cmTC_fb98c.dir/build.make CMakeFiles/cmTC_fb98c.dir/build
gmake[1]: Entering directory '/home/aramakilab/GRAMS/GRAMS/GRAMS_2021/build/CMakeFiles/CMakeTmp'
Building C object CMakeFiles/cmTC_fb98c.dir/CMakeCCompilerABI.c.o
/opt/gcc/gcc-11.2.0/bin/gcc   -v -o CMakeFiles/cmTC_fb98c.dir/CMakeCCompilerABI.c.o -c /usr/local/share/cmake-3.21/Modules/CMakeCCompilerABI.c
Using built-in specs.
COLLECT_GCC=/opt/gcc/gcc-11.2.0/bin/gcc
Target: x86_64-linux-gnu
Configured with: ../gcc-releases-gcc-11.2.0/configure -v --build=x86_64-linux-gnu --host=x86_64-linux-gnu --target=x86_64-linux-gnu --prefix=/opt/gcc/gcc-11.2.0 --enable-checking=release --enable-languages=c,c++ --disable-multilib
Thread model: posix
Supported LTO compression algorithms: zlib zstd
gcc version 11.2.0 (GCC) 
COLLECT_GCC_OPTIONS='-v' '-o' 'CMakeFiles/cmTC_fb98c.dir/CMakeCCompilerABI.c.o' '-c' '-mtune=generic' '-march=x86-64' '-dumpdir' 'CMakeFiles/cmTC_fb98c.dir/'
 /opt/gcc/gcc-11.2.0/libexec/gcc/x86_64-linux-gnu/11.2.0/cc1 -quiet -v -imultiarch x86_64-linux-gnu /usr/local/share/cmake-3.21/Modules/CMakeCCompilerABI.c -quiet -dumpdir CMakeFiles/cmTC_fb98c.dir/ -dumpbase CMakeCCompilerABI.c.c -dumpbase-ext .c -mtune=generic -march=x86-64 -version -o /tmp/ccxRTaUV.s
GNU C17 (GCC) version 11.2.0 (x86_64-linux-gnu)
	compiled by GNU C version 11.2.0, GMP version 6.1.0, MPFR version 3.1.6, MPC version 1.0.3, isl version isl-0.18-GMP

GGC heuristics: --param ggc-min-expand=100 --param ggc-min-heapsize=131072
ignoring nonexistent directory "/usr/local/include/x86_64-linux-gnu"
ignoring nonexistent directory "/opt/gcc/gcc-11.2.0/lib/gcc/x86_64-linux-gnu/11.2.0/../../../../x86_64-linux-gnu/include"
#include "..." search starts here:
#include <...> search starts here:
 /opt/gcc/gcc-11.2.0/lib/gcc/x86_64-linux-gnu/11.2.0/include
 /usr/local/include
 /opt/gcc/gcc-11.2.0/include
 /opt/gcc/gcc-11.2.0/lib/gcc/x86_64-linux-gnu/11.2.0/include-fixed
 /usr/include/x86_64-linux-gnu
 /usr/include
End of search list.
GNU C17 (GCC) version 11.2.0 (x86_64-linux-gnu)
	compiled by GNU C version 11.2.0, GMP version 6.1.0, MPFR version 3.1.6, MPC version 1.0.3, isl version isl-0.18-GMP

GGC heuristics: --param ggc-min-expand=100 --param ggc-min-heapsize=131072
Compiler executable checksum: e3887b2ae0135241d9756d9f73400260
COLLECT_GCC_OPTIONS='-v' '-o' 'CMakeFiles/cmTC_fb98c.dir/CMakeCCompilerABI.c.o' '-c' '-mtune=generic' '-march=x86-64' '-dumpdir' 'CMakeFiles/cmTC_fb98c.dir/'
 as -v --64 -o CMakeFiles/cmTC_fb98c.dir/CMakeCCompilerABI.c.o /tmp/ccxRTaUV.s
GNU assembler version 2.36.1 (x86_64-linux-gnu) using BFD version (GNU Binutils for Ubuntu) 2.36.1
COMPILER_PATH=/opt/gcc/gcc-11.2.0/libexec/gcc/x86_64-linux-gnu/11.2.0/:/opt/gcc/gcc-11.2.0/libexec/gcc/x86_64-linux-gnu/11.2.0/:/opt/gcc/gcc-11.2.0/libexec/gcc/x86_64-linux-gnu/:/opt/gcc/gcc-11.2.0/lib/gcc/x86_64-linux-gnu/11.2.0/:/opt/gcc/gcc-11.2.0/lib/gcc/x86_64-linux-gnu/
LIBRARY_PATH=/opt/gcc/gcc-11.2.0/lib/gcc/x86_64-linux-gnu/11.2.0/:/opt/gcc/gcc-11.2.0/lib/gcc/x86_64-linux-gnu/11.2.0/../../../../lib64/:/lib/x86_64-linux-gnu/:/lib/../lib64/:/usr/lib/x86_64-linux-gnu/:/usr/lib/../lib64/:/opt/gcc/gcc-11.2.0/lib/gcc/x86_64-linux-gnu/11.2.0/../../../:/lib/:/usr/lib/
COLLECT_GCC_OPTIONS='-v' '-o' 'CMakeFiles/cmTC_fb98c.dir/CMakeCCompilerABI.c.o' '-c' '-mtune=generic' '-march=x86-64' '-dumpdir' 'CMakeFiles/cmTC_fb98c.dir/CMakeCCompilerABI.c.'
Linking C executable cmTC_fb98c
/usr/local/bin/cmake -E cmake_link_script CMakeFiles/cmTC_fb98c.dir/link.txt --verbose=1
/opt/gcc/gcc-11.2.0/bin/gcc  -v -rdynamic CMakeFiles/cmTC_fb98c.dir/CMakeCCompilerABI.c.o -o cmTC_fb98c 
Using built-in specs.
COLLECT_GCC=/opt/gcc/gcc-11.2.0/bin/gcc
COLLECT_LTO_WRAPPER=/opt/gcc/gcc-11.2.0/libexec/gcc/x86_64-linux-gnu/11.2.0/lto-wrapper
Target: x86_64-linux-gnu
Configured with: ../gcc-releases-gcc-11.2.0/configure -v --build=x86_64-linux-gnu --host=x86_64-linux-gnu --target=x86_64-linux-gnu --prefix=/opt/gcc/gcc-11.2.0 --enable-checking=release --enable-languages=c,c++ --disable-multilib
Thread model: posix
Supported LTO compression algorithms: zlib zstd
gcc version 11.2.0 (GCC) 
COMPILER_PATH=/opt/gcc/gcc-11.2.0/libexec/gcc/x86_64-linux-gnu/11.2.0/:/opt/gcc/gcc-11.2.0/libexec/gcc/x86_64-linux-gnu/11.2.0/:/opt/gcc/gcc-11.2.0/libexec/gcc/x86_64-linux-gnu/:/opt/gcc/gcc-11.2.0/lib/gcc/x86_64-linux-gnu/11.2.0/:/opt/gcc/gcc-11.2.0/lib/gcc/x86_64-linux-gnu/
LIBRARY_PATH=/opt/gcc/gcc-11.2.0/lib/gcc/x86_64-linux-gnu/11.2.0/:/opt/gcc/gcc-11.2.0/lib/gcc/x86_64-linux-gnu/11.2.0/../../../../lib64/:/lib/x86_64-linux-gnu/:/lib/../lib64/:/usr/lib/x86_64-linux-gnu/:/usr/lib/../lib64/:/opt/gcc/gcc-11.2.0/lib/gcc/x86_64-linux-gnu/11.2.0/../../../:/lib/:/usr/lib/
COLLECT_GCC_OPTIONS='-v' '-rdynamic' '-o' 'cmTC_fb98c' '-mtune=generic' '-march=x86-64' '-dumpdir' 'cmTC_fb98c.'
 /opt/gcc/gcc-11.2.0/libexec/gcc/x86_64-linux-gnu/11.2.0/collect2 -plugin /opt/gcc/gcc-11.2.0/libexec/gcc/x86_64-linux-gnu/11.2.0/liblto_plugin.so -plugin-opt=/opt/gcc/gcc-11.2.0/libexec/gcc/x86_64-linux-gnu/11.2.0/lto-wrapper -plugin-opt=-fresolution=/tmp/ccu6HW0t.res -plugin-opt=-pass-through=-lgcc -plugin-opt=-pass-through=-lgcc_s -plugin-opt=-pass-through=-lc -plugin-opt=-pass-through=-lgcc -plugin-opt=-pass-through=-lgcc_s --eh-frame-hdr -m elf_x86_64 -export-dynamic -dynamic-linker /lib64/ld-linux-x86-64.so.2 -o cmTC_fb98c /lib/x86_64-linux-gnu/crt1.o /lib/x86_64-linux-gnu/crti.o /opt/gcc/gcc-11.2.0/lib/gcc/x86_64-linux-gnu/11.2.0/crtbegin.o -L/opt/gcc/gcc-11.2.0/lib/gcc/x86_64-linux-gnu/11.2.0 -L/opt/gcc/gcc-11.2.0/lib/gcc/x86_64-linux-gnu/11.2.0/../../../../lib64 -L/lib/x86_64-linux-gnu -L/lib/../lib64 -L/usr/lib/x86_64-linux-gnu -L/usr/lib/../lib64 -L/opt/gcc/gcc-11.2.0/lib/gcc/x86_64-linux-gnu/11.2.0/../../.. CMakeFiles/cmTC_fb98c.dir/CMakeCCompilerABI.c.o -lgcc --push-state --as-needed -lgcc_s --pop-state -lc -lgcc --push-state --as-needed -lgcc_s --pop-state /opt/gcc/gcc-11.2.0/lib/gcc/x86_64-linux-gnu/11.2.0/crtend.o /lib/x86_64-linux-gnu/crtn.o
COLLECT_GCC_OPTIONS='-v' '-rdynamic' '-o' 'cmTC_fb98c' '-mtune=generic' '-march=x86-64' '-dumpdir' 'cmTC_fb98c.'
gmake[1]: Leaving directory '/home/aramakilab/GRAMS/GRAMS/GRAMS_2021/build/CMakeFiles/CMakeTmp'



Parsed C implicit include dir info from above output: rv=done
  found start of include info
  found start of implicit include info
    add: [/opt/gcc/gcc-11.2.0/lib/gcc/x86_64-linux-gnu/11.2.0/include]
    add: [/usr/local/include]
    add: [/opt/gcc/gcc-11.2.0/include]
    add: [/opt/gcc/gcc-11.2.0/lib/gcc/x86_64-linux-gnu/11.2.0/include-fixed]
    add: [/usr/include/x86_64-linux-gnu]
    add: [/usr/include]
  end of search list found
  collapse include dir [/opt/gcc/gcc-11.2.0/lib/gcc/x86_64-linux-gnu/11.2.0/include] ==> [/opt/gcc/gcc-11.2.0/lib/gcc/x86_64-linux-gnu/11.2.0/include]
  collapse include dir [/usr/local/include] ==> [/usr/local/include]
  collapse include dir [/opt/gcc/gcc-11.2.0/include] ==> [/opt/gcc/gcc-11.2.0/include]
  collapse include dir [/opt/gcc/gcc-11.2.0/lib/gcc/x86_64-linux-gnu/11.2.0/include-fixed] ==> [/opt/gcc/gcc-11.2.0/lib/gcc/x86_64-linux-gnu/11.2.0/include-fixed]
  collapse include dir [/usr/include/x86_64-linux-gnu] ==> [/usr/include/x86_64-linux-gnu]
  collapse include dir [/usr/include] ==> [/usr/include]
  implicit include dirs: [/opt/gcc/gcc-11.2.0/lib/gcc/x86_64-linux-gnu/11.2.0/include;/usr/local/include;/opt/gcc/gcc-11.2.0/include;/opt/gcc/gcc-11.2.0/lib/gcc/x86_64-linux-gnu/11.2.0/include-fixed;/usr/include/x86_64-linux-gnu;/usr/include]


Parsed C implicit link information from above output:
  link line regex: [^( *|.*[/\])(ld|CMAKE_LINK_STARTFILE-NOTFOUND|([^/\]+-)?ld|collect2)[^/\]*( |$)]
  ignore line: [Change Dir: /home/aramakilab/GRAMS/GRAMS/GRAMS_2021/build/CMakeFiles/CMakeTmp]
  ignore line: []
  ignore line: [Run Build Command(s):/usr/bin/gmake -f Makefile cmTC_fb98c/fast && /usr/bin/gmake  -f CMakeFiles/cmTC_fb98c.dir/build.make CMakeFiles/cmTC_fb98c.dir/build]
  ignore line: [gmake[1]: Entering directory '/home/aramakilab/GRAMS/GRAMS/GRAMS_2021/build/CMakeFiles/CMakeTmp']
  ignore line: [Building C object CMakeFiles/cmTC_fb98c.dir/CMakeCCompilerABI.c.o]
  ignore line: [/opt/gcc/gcc-11.2.0/bin/gcc   -v -o CMakeFiles/cmTC_fb98c.dir/CMakeCCompilerABI.c.o -c /usr/local/share/cmake-3.21/Modules/CMakeCCompilerABI.c]
  ignore line: [Using built-in specs.]
  ignore line: [COLLECT_GCC=/opt/gcc/gcc-11.2.0/bin/gcc]
  ignore line: [Target: x86_64-linux-gnu]
  ignore line: [Configured with: ../gcc-releases-gcc-11.2.0/configure -v --build=x86_64-linux-gnu --host=x86_64-linux-gnu --target=x86_64-linux-gnu --prefix=/opt/gcc/gcc-11.2.0 --enable-checking=release --enable-languages=c c++ --disable-multilib]
  ignore line: [Thread model: posix]
  ignore line: [Supported LTO compression algorithms: zlib zstd]
  ignore line: [gcc version 11.2.0 (GCC) ]
  ignore line: [COLLECT_GCC_OPTIONS='-v' '-o' 'CMakeFiles/cmTC_fb98c.dir/CMakeCCompilerABI.c.o' '-c' '-mtune=generic' '-march=x86-64' '-dumpdir' 'CMakeFiles/cmTC_fb98c.dir/']
  ignore line: [ /opt/gcc/gcc-11.2.0/libexec/gcc/x86_64-linux-gnu/11.2.0/cc1 -quiet -v -imultiarch x86_64-linux-gnu /usr/local/share/cmake-3.21/Modules/CMakeCCompilerABI.c -quiet -dumpdir CMakeFiles/cmTC_fb98c.dir/ -dumpbase CMakeCCompilerABI.c.c -dumpbase-ext .c -mtune=generic -march=x86-64 -version -o /tmp/ccxRTaUV.s]
  ignore line: [GNU C17 (GCC) version 11.2.0 (x86_64-linux-gnu)]
  ignore line: [	compiled by GNU C version 11.2.0  GMP version 6.1.0  MPFR version 3.1.6  MPC version 1.0.3  isl version isl-0.18-GMP]
  ignore line: []
  ignore line: [GGC heuristics: --param ggc-min-expand=100 --param ggc-min-heapsize=131072]
  ignore line: [ignoring nonexistent directory "/usr/local/include/x86_64-linux-gnu"]
  ignore line: [ignoring nonexistent directory "/opt/gcc/gcc-11.2.0/lib/gcc/x86_64-linux-gnu/11.2.0/../../../../x86_64-linux-gnu/include"]
  ignore line: [#include "..." search starts here:]
  ignore line: [#include <...> search starts here:]
  ignore line: [ /opt/gcc/gcc-11.2.0/lib/gcc/x86_64-linux-gnu/11.2.0/include]
  ignore line: [ /usr/local/include]
  ignore line: [ /opt/gcc/gcc-11.2.0/include]
  ignore line: [ /opt/gcc/gcc-11.2.0/lib/gcc/x86_64-linux-gnu/11.2.0/include-fixed]
  ignore line: [ /usr/include/x86_64-linux-gnu]
  ignore line: [ /usr/include]
  ignore line: [End of search list.]
  ignore line: [GNU C17 (GCC) version 11.2.0 (x86_64-linux-gnu)]
  ignore line: [	compiled by GNU C version 11.2.0  GMP version 6.1.0  MPFR version 3.1.6  MPC version 1.0.3  isl version isl-0.18-GMP]
  ignore line: []
  ignore line: [GGC heuristics: --param ggc-min-expand=100 --param ggc-min-heapsize=131072]
  ignore line: [Compiler executable checksum: e3887b2ae0135241d9756d9f73400260]
  ignore line: [COLLECT_GCC_OPTIONS='-v' '-o' 'CMakeFiles/cmTC_fb98c.dir/CMakeCCompilerABI.c.o' '-c' '-mtune=generic' '-march=x86-64' '-dumpdir' 'CMakeFiles/cmTC_fb98c.dir/']
  ignore line: [ as -v --64 -o CMakeFiles/cmTC_fb98c.dir/CMakeCCompilerABI.c.o /tmp/ccxRTaUV.s]
  ignore line: [GNU assembler version 2.36.1 (x86_64-linux-gnu) using BFD version (GNU Binutils for Ubuntu) 2.36.1]
  ignore line: [COMPILER_PATH=/opt/gcc/gcc-11.2.0/libexec/gcc/x86_64-linux-gnu/11.2.0/:/opt/gcc/gcc-11.2.0/libexec/gcc/x86_64-linux-gnu/11.2.0/:/opt/gcc/gcc-11.2.0/libexec/gcc/x86_64-linux-gnu/:/opt/gcc/gcc-11.2.0/lib/gcc/x86_64-linux-gnu/11.2.0/:/opt/gcc/gcc-11.2.0/lib/gcc/x86_64-linux-gnu/]
  ignore line: [LIBRARY_PATH=/opt/gcc/gcc-11.2.0/lib/gcc/x86_64-linux-gnu/11.2.0/:/opt/gcc/gcc-11.2.0/lib/gcc/x86_64-linux-gnu/11.2.0/../../../../lib64/:/lib/x86_64-linux-gnu/:/lib/../lib64/:/usr/lib/x86_64-linux-gnu/:/usr/lib/../lib64/:/opt/gcc/gcc-11.2.0/lib/gcc/x86_64-linux-gnu/11.2.0/../../../:/lib/:/usr/lib/]
  ignore line: [COLLECT_GCC_OPTIONS='-v' '-o' 'CMakeFiles/cmTC_fb98c.dir/CMakeCCompilerABI.c.o' '-c' '-mtune=generic' '-march=x86-64' '-dumpdir' 'CMakeFiles/cmTC_fb98c.dir/CMakeCCompilerABI.c.']
  ignore line: [Linking C executable cmTC_fb98c]
  ignore line: [/usr/local/bin/cmake -E cmake_link_script CMakeFiles/cmTC_fb98c.dir/link.txt --verbose=1]
  ignore line: [/opt/gcc/gcc-11.2.0/bin/gcc  -v -rdynamic CMakeFiles/cmTC_fb98c.dir/CMakeCCompilerABI.c.o -o cmTC_fb98c ]
  ignore line: [Using built-in specs.]
  ignore line: [COLLECT_GCC=/opt/gcc/gcc-11.2.0/bin/gcc]
  ignore line: [COLLECT_LTO_WRAPPER=/opt/gcc/gcc-11.2.0/libexec/gcc/x86_64-linux-gnu/11.2.0/lto-wrapper]
  ignore line: [Target: x86_64-linux-gnu]
  ignore line: [Configured with: ../gcc-releases-gcc-11.2.0/configure -v --build=x86_64-linux-gnu --host=x86_64-linux-gnu --target=x86_64-linux-gnu --prefix=/opt/gcc/gcc-11.2.0 --enable-checking=release --enable-languages=c c++ --disable-multilib]
  ignore line: [Thread model: posix]
  ignore line: [Supported LTO compression algorithms: zlib zstd]
  ignore line: [gcc version 11.2.0 (GCC) ]
  ignore line: [COMPILER_PATH=/opt/gcc/gcc-11.2.0/libexec/gcc/x86_64-linux-gnu/11.2.0/:/opt/gcc/gcc-11.2.0/libexec/gcc/x86_64-linux-gnu/11.2.0/:/opt/gcc/gcc-11.2.0/libexec/gcc/x86_64-linux-gnu/:/opt/gcc/gcc-11.2.0/lib/gcc/x86_64-linux-gnu/11.2.0/:/opt/gcc/gcc-11.2.0/lib/gcc/x86_64-linux-gnu/]
  ignore line: [LIBRARY_PATH=/opt/gcc/gcc-11.2.0/lib/gcc/x86_64-linux-gnu/11.2.0/:/opt/gcc/gcc-11.2.0/lib/gcc/x86_64-linux-gnu/11.2.0/../../../../lib64/:/lib/x86_64-linux-gnu/:/lib/../lib64/:/usr/lib/x86_64-linux-gnu/:/usr/lib/../lib64/:/opt/gcc/gcc-11.2.0/lib/gcc/x86_64-linux-gnu/11.2.0/../../../:/lib/:/usr/lib/]
  ignore line: [COLLECT_GCC_OPTIONS='-v' '-rdynamic' '-o' 'cmTC_fb98c' '-mtune=generic' '-march=x86-64' '-dumpdir' 'cmTC_fb98c.']
  link line: [ /opt/gcc/gcc-11.2.0/libexec/gcc/x86_64-linux-gnu/11.2.0/collect2 -plugin /opt/gcc/gcc-11.2.0/libexec/gcc/x86_64-linux-gnu/11.2.0/liblto_plugin.so -plugin-opt=/opt/gcc/gcc-11.2.0/libexec/gcc/x86_64-linux-gnu/11.2.0/lto-wrapper -plugin-opt=-fresolution=/tmp/ccu6HW0t.res -plugin-opt=-pass-through=-lgcc -plugin-opt=-pass-through=-lgcc_s -plugin-opt=-pass-through=-lc -plugin-opt=-pass-through=-lgcc -plugin-opt=-pass-through=-lgcc_s --eh-frame-hdr -m elf_x86_64 -export-dynamic -dynamic-linker /lib64/ld-linux-x86-64.so.2 -o cmTC_fb98c /lib/x86_64-linux-gnu/crt1.o /lib/x86_64-linux-gnu/crti.o /opt/gcc/gcc-11.2.0/lib/gcc/x86_64-linux-gnu/11.2.0/crtbegin.o -L/opt/gcc/gcc-11.2.0/lib/gcc/x86_64-linux-gnu/11.2.0 -L/opt/gcc/gcc-11.2.0/lib/gcc/x86_64-linux-gnu/11.2.0/../../../../lib64 -L/lib/x86_64-linux-gnu -L/lib/../lib64 -L/usr/lib/x86_64-linux-gnu -L/usr/lib/../lib64 -L/opt/gcc/gcc-11.2.0/lib/gcc/x86_64-linux-gnu/11.2.0/../../.. CMakeFiles/cmTC_fb98c.dir/CMakeCCompilerABI.c.o -lgcc --push-state --as-needed -lgcc_s --pop-state -lc -lgcc --push-state --as-needed -lgcc_s --pop-state /opt/gcc/gcc-11.2.0/lib/gcc/x86_64-linux-gnu/11.2.0/crtend.o /lib/x86_64-linux-gnu/crtn.o]
    arg [/opt/gcc/gcc-11.2.0/libexec/gcc/x86_64-linux-gnu/11.2.0/collect2] ==> ignore
    arg [-plugin] ==> ignore
    arg [/opt/gcc/gcc-11.2.0/libexec/gcc/x86_64-linux-gnu/11.2.0/liblto_plugin.so] ==> ignore
    arg [-plugin-opt=/opt/gcc/gcc-11.2.0/libexec/gcc/x86_64-linux-gnu/11.2.0/lto-wrapper] ==> ignore
    arg [-plugin-opt=-fresolution=/tmp/ccu6HW0t.res] ==> ignore
    arg [-plugin-opt=-pass-through=-lgcc] ==> ignore
    arg [-plugin-opt=-pass-through=-lgcc_s] ==> ignore
    arg [-plugin-opt=-pass-through=-lc] ==> ignore
    arg [-plugin-opt=-pass-through=-lgcc] ==> ignore
    arg [-plugin-opt=-pass-through=-lgcc_s] ==> ignore
    arg [--eh-frame-hdr] ==> ignore
    arg [-m] ==> ignore
    arg [elf_x86_64] ==> ignore
    arg [-export-dynamic] ==> ignore
    arg [-dynamic-linker] ==> ignore
    arg [/lib64/ld-linux-x86-64.so.2] ==> ignore
    arg [-o] ==> ignore
    arg [cmTC_fb98c] ==> ignore
    arg [/lib/x86_64-linux-gnu/crt1.o] ==> obj [/lib/x86_64-linux-gnu/crt1.o]
    arg [/lib/x86_64-linux-gnu/crti.o] ==> obj [/lib/x86_64-linux-gnu/crti.o]
    arg [/opt/gcc/gcc-11.2.0/lib/gcc/x86_64-linux-gnu/11.2.0/crtbegin.o] ==> obj [/opt/gcc/gcc-11.2.0/lib/gcc/x86_64-linux-gnu/11.2.0/crtbegin.o]
    arg [-L/opt/gcc/gcc-11.2.0/lib/gcc/x86_64-linux-gnu/11.2.0] ==> dir [/opt/gcc/gcc-11.2.0/lib/gcc/x86_64-linux-gnu/11.2.0]
    arg [-L/opt/gcc/gcc-11.2.0/lib/gcc/x86_64-linux-gnu/11.2.0/../../../../lib64] ==> dir [/opt/gcc/gcc-11.2.0/lib/gcc/x86_64-linux-gnu/11.2.0/../../../../lib64]
    arg [-L/lib/x86_64-linux-gnu] ==> dir [/lib/x86_64-linux-gnu]
    arg [-L/lib/../lib64] ==> dir [/lib/../lib64]
    arg [-L/usr/lib/x86_64-linux-gnu] ==> dir [/usr/lib/x86_64-linux-gnu]
    arg [-L/usr/lib/../lib64] ==> dir [/usr/lib/../lib64]
    arg [-L/opt/gcc/gcc-11.2.0/lib/gcc/x86_64-linux-gnu/11.2.0/../../..] ==> dir [/opt/gcc/gcc-11.2.0/lib/gcc/x86_64-linux-gnu/11.2.0/../../..]
    arg [CMakeFiles/cmTC_fb98c.dir/CMakeCCompilerABI.c.o] ==> ignore
    arg [-lgcc] ==> lib [gcc]
    arg [--push-state] ==> ignore
    arg [--as-needed] ==> ignore
    arg [-lgcc_s] ==> lib [gcc_s]
    arg [--pop-state] ==> ignore
    arg [-lc] ==> lib [c]
    arg [-lgcc] ==> lib [gcc]
    arg [--push-state] ==> ignore
    arg [--as-needed] ==> ignore
    arg [-lgcc_s] ==> lib [gcc_s]
    arg [--pop-state] ==> ignore
    arg [/opt/gcc/gcc-11.2.0/lib/gcc/x86_64-linux-gnu/11.2.0/crtend.o] ==> obj [/opt/gcc/gcc-11.2.0/lib/gcc/x86_64-linux-gnu/11.2.0/crtend.o]
    arg [/lib/x86_64-linux-gnu/crtn.o] ==> obj [/lib/x86_64-linux-gnu/crtn.o]
  collapse library dir [/opt/gcc/gcc-11.2.0/lib/gcc/x86_64-linux-gnu/11.2.0] ==> [/opt/gcc/gcc-11.2.0/lib/gcc/x86_64-linux-gnu/11.2.0]
  collapse library dir [/opt/gcc/gcc-11.2.0/lib/gcc/x86_64-linux-gnu/11.2.0/../../../../lib64] ==> [/opt/gcc/gcc-11.2.0/lib64]
  collapse library dir [/lib/x86_64-linux-gnu] ==> [/lib/x86_64-linux-gnu]
  collapse library dir [/lib/../lib64] ==> [/lib64]
  collapse library dir [/usr/lib/x86_64-linux-gnu] ==> [/usr/lib/x86_64-linux-gnu]
  collapse library dir [/usr/lib/../lib64] ==> [/usr/lib64]
  collapse library dir [/opt/gcc/gcc-11.2.0/lib/gcc/x86_64-linux-gnu/11.2.0/../../..] ==> [/opt/gcc/gcc-11.2.0/lib]
  implicit libs: [gcc;gcc_s;c;gcc;gcc_s]
  implicit objs: [/lib/x86_64-linux-gnu/crt1.o;/lib/x86_64-linux-gnu/crti.o;/opt/gcc/gcc-11.2.0/lib/gcc/x86_64-linux-gnu/11.2.0/crtbegin.o;/opt/gcc/gcc-11.2.0/lib/gcc/x86_64-linux-gnu/11.2.0/crtend.o;/lib/x86_64-linux-gnu/crtn.o]
  implicit dirs: [/opt/gcc/gcc-11.2.0/lib/gcc/x86_64-linux-gnu/11.2.0;/opt/gcc/gcc-11.2.0/lib64;/lib/x86_64-linux-gnu;/lib64;/usr/lib/x86_64-linux-gnu;/usr/lib64;/opt/gcc/gcc-11.2.0/lib]
  implicit fwks: []


Detecting CXX compiler ABI info compiled with the following output:
Change Dir: /home/aramakilab/GRAMS/GRAMS/GRAMS_2021/build/CMakeFiles/CMakeTmp

Run Build Command(s):/usr/bin/gmake -f Makefile cmTC_b12ff/fast && /usr/bin/gmake  -f CMakeFiles/cmTC_b12ff.dir/build.make CMakeFiles/cmTC_b12ff.dir/build
gmake[1]: Entering directory '/home/aramakilab/GRAMS/GRAMS/GRAMS_2021/build/CMakeFiles/CMakeTmp'
Building CXX object CMakeFiles/cmTC_b12ff.dir/CMakeCXXCompilerABI.cpp.o
/opt/gcc/gcc-11.2.0/bin/g++   -v -o CMakeFiles/cmTC_b12ff.dir/CMakeCXXCompilerABI.cpp.o -c /usr/local/share/cmake-3.21/Modules/CMakeCXXCompilerABI.cpp
Using built-in specs.
COLLECT_GCC=/opt/gcc/gcc-11.2.0/bin/g++
Target: x86_64-linux-gnu
Configured with: ../gcc-releases-gcc-11.2.0/configure -v --build=x86_64-linux-gnu --host=x86_64-linux-gnu --target=x86_64-linux-gnu --prefix=/opt/gcc/gcc-11.2.0 --enable-checking=release --enable-languages=c,c++ --disable-multilib
Thread model: posix
Supported LTO compression algorithms: zlib zstd
gcc version 11.2.0 (GCC) 
COLLECT_GCC_OPTIONS='-v' '-o' 'CMakeFiles/cmTC_b12ff.dir/CMakeCXXCompilerABI.cpp.o' '-c' '-shared-libgcc' '-mtune=generic' '-march=x86-64' '-dumpdir' 'CMakeFiles/cmTC_b12ff.dir/'
 /opt/gcc/gcc-11.2.0/libexec/gcc/x86_64-linux-gnu/11.2.0/cc1plus -quiet -v -imultiarch x86_64-linux-gnu -D_GNU_SOURCE /usr/local/share/cmake-3.21/Modules/CMakeCXXCompilerABI.cpp -quiet -dumpdir CMakeFiles/cmTC_b12ff.dir/ -dumpbase CMakeCXXCompilerABI.cpp.cpp -dumpbase-ext .cpp -mtune=generic -march=x86-64 -version -o /tmp/ccWxVd6d.s
GNU C++17 (GCC) version 11.2.0 (x86_64-linux-gnu)
	compiled by GNU C version 11.2.0, GMP version 6.1.0, MPFR version 3.1.6, MPC version 1.0.3, isl version isl-0.18-GMP

GGC heuristics: --param ggc-min-expand=100 --param ggc-min-heapsize=131072
ignoring nonexistent directory "/usr/local/include/x86_64-linux-gnu"
ignoring nonexistent directory "/opt/gcc/gcc-11.2.0/lib/gcc/x86_64-linux-gnu/11.2.0/../../../../x86_64-linux-gnu/include"
#include "..." search starts here:
#include <...> search starts here:
 /opt/gcc/gcc-11.2.0/lib/gcc/x86_64-linux-gnu/11.2.0/../../../../include/c++/11.2.0
 /opt/gcc/gcc-11.2.0/lib/gcc/x86_64-linux-gnu/11.2.0/../../../../include/c++/11.2.0/x86_64-linux-gnu
 /opt/gcc/gcc-11.2.0/lib/gcc/x86_64-linux-gnu/11.2.0/../../../../include/c++/11.2.0/backward
 /opt/gcc/gcc-11.2.0/lib/gcc/x86_64-linux-gnu/11.2.0/include
 /usr/local/include
 /opt/gcc/gcc-11.2.0/include
 /opt/gcc/gcc-11.2.0/lib/gcc/x86_64-linux-gnu/11.2.0/include-fixed
 /usr/include/x86_64-linux-gnu
 /usr/include
End of search list.
GNU C++17 (GCC) version 11.2.0 (x86_64-linux-gnu)
	compiled by GNU C version 11.2.0, GMP version 6.1.0, MPFR version 3.1.6, MPC version 1.0.3, isl version isl-0.18-GMP

GGC heuristics: --param ggc-min-expand=100 --param ggc-min-heapsize=131072
Compiler executable checksum: 27cb13ed433d8fb42a9456017dbb8511
COLLECT_GCC_OPTIONS='-v' '-o' 'CMakeFiles/cmTC_b12ff.dir/CMakeCXXCompilerABI.cpp.o' '-c' '-shared-libgcc' '-mtune=generic' '-march=x86-64' '-dumpdir' 'CMakeFiles/cmTC_b12ff.dir/'
 as -v --64 -o CMakeFiles/cmTC_b12ff.dir/CMakeCXXCompilerABI.cpp.o /tmp/ccWxVd6d.s
GNU assembler version 2.36.1 (x86_64-linux-gnu) using BFD version (GNU Binutils for Ubuntu) 2.36.1
COMPILER_PATH=/opt/gcc/gcc-11.2.0/libexec/gcc/x86_64-linux-gnu/11.2.0/:/opt/gcc/gcc-11.2.0/libexec/gcc/x86_64-linux-gnu/11.2.0/:/opt/gcc/gcc-11.2.0/libexec/gcc/x86_64-linux-gnu/:/opt/gcc/gcc-11.2.0/lib/gcc/x86_64-linux-gnu/11.2.0/:/opt/gcc/gcc-11.2.0/lib/gcc/x86_64-linux-gnu/
LIBRARY_PATH=/opt/gcc/gcc-11.2.0/lib/gcc/x86_64-linux-gnu/11.2.0/:/opt/gcc/gcc-11.2.0/lib/gcc/x86_64-linux-gnu/11.2.0/../../../../lib64/:/lib/x86_64-linux-gnu/:/lib/../lib64/:/usr/lib/x86_64-linux-gnu/:/usr/lib/../lib64/:/opt/gcc/gcc-11.2.0/lib/gcc/x86_64-linux-gnu/11.2.0/../../../:/lib/:/usr/lib/
COLLECT_GCC_OPTIONS='-v' '-o' 'CMakeFiles/cmTC_b12ff.dir/CMakeCXXCompilerABI.cpp.o' '-c' '-shared-libgcc' '-mtune=generic' '-march=x86-64' '-dumpdir' 'CMakeFiles/cmTC_b12ff.dir/CMakeCXXCompilerABI.cpp.'
Linking CXX executable cmTC_b12ff
/usr/local/bin/cmake -E cmake_link_script CMakeFiles/cmTC_b12ff.dir/link.txt --verbose=1
/opt/gcc/gcc-11.2.0/bin/g++  -v -rdynamic CMakeFiles/cmTC_b12ff.dir/CMakeCXXCompilerABI.cpp.o -o cmTC_b12ff 
Using built-in specs.
COLLECT_GCC=/opt/gcc/gcc-11.2.0/bin/g++
COLLECT_LTO_WRAPPER=/opt/gcc/gcc-11.2.0/libexec/gcc/x86_64-linux-gnu/11.2.0/lto-wrapper
Target: x86_64-linux-gnu
Configured with: ../gcc-releases-gcc-11.2.0/configure -v --build=x86_64-linux-gnu --host=x86_64-linux-gnu --target=x86_64-linux-gnu --prefix=/opt/gcc/gcc-11.2.0 --enable-checking=release --enable-languages=c,c++ --disable-multilib
Thread model: posix
Supported LTO compression algorithms: zlib zstd
gcc version 11.2.0 (GCC) 
COMPILER_PATH=/opt/gcc/gcc-11.2.0/libexec/gcc/x86_64-linux-gnu/11.2.0/:/opt/gcc/gcc-11.2.0/libexec/gcc/x86_64-linux-gnu/11.2.0/:/opt/gcc/gcc-11.2.0/libexec/gcc/x86_64-linux-gnu/:/opt/gcc/gcc-11.2.0/lib/gcc/x86_64-linux-gnu/11.2.0/:/opt/gcc/gcc-11.2.0/lib/gcc/x86_64-linux-gnu/
LIBRARY_PATH=/opt/gcc/gcc-11.2.0/lib/gcc/x86_64-linux-gnu/11.2.0/:/opt/gcc/gcc-11.2.0/lib/gcc/x86_64-linux-gnu/11.2.0/../../../../lib64/:/lib/x86_64-linux-gnu/:/lib/../lib64/:/usr/lib/x86_64-linux-gnu/:/usr/lib/../lib64/:/opt/gcc/gcc-11.2.0/lib/gcc/x86_64-linux-gnu/11.2.0/../../../:/lib/:/usr/lib/
COLLECT_GCC_OPTIONS='-v' '-rdynamic' '-o' 'cmTC_b12ff' '-shared-libgcc' '-mtune=generic' '-march=x86-64' '-dumpdir' 'cmTC_b12ff.'
 /opt/gcc/gcc-11.2.0/libexec/gcc/x86_64-linux-gnu/11.2.0/collect2 -plugin /opt/gcc/gcc-11.2.0/libexec/gcc/x86_64-linux-gnu/11.2.0/liblto_plugin.so -plugin-opt=/opt/gcc/gcc-11.2.0/libexec/gcc/x86_64-linux-gnu/11.2.0/lto-wrapper -plugin-opt=-fresolution=/tmp/ccpjylvt.res -plugin-opt=-pass-through=-lgcc_s -plugin-opt=-pass-through=-lgcc -plugin-opt=-pass-through=-lc -plugin-opt=-pass-through=-lgcc_s -plugin-opt=-pass-through=-lgcc --eh-frame-hdr -m elf_x86_64 -export-dynamic -dynamic-linker /lib64/ld-linux-x86-64.so.2 -o cmTC_b12ff /lib/x86_64-linux-gnu/crt1.o /lib/x86_64-linux-gnu/crti.o /opt/gcc/gcc-11.2.0/lib/gcc/x86_64-linux-gnu/11.2.0/crtbegin.o -L/opt/gcc/gcc-11.2.0/lib/gcc/x86_64-linux-gnu/11.2.0 -L/opt/gcc/gcc-11.2.0/lib/gcc/x86_64-linux-gnu/11.2.0/../../../../lib64 -L/lib/x86_64-linux-gnu -L/lib/../lib64 -L/usr/lib/x86_64-linux-gnu -L/usr/lib/../lib64 -L/opt/gcc/gcc-11.2.0/lib/gcc/x86_64-linux-gnu/11.2.0/../../.. CMakeFiles/cmTC_b12ff.dir/CMakeCXXCompilerABI.cpp.o -lstdc++ -lm -lgcc_s -lgcc -lc -lgcc_s -lgcc /opt/gcc/gcc-11.2.0/lib/gcc/x86_64-linux-gnu/11.2.0/crtend.o /lib/x86_64-linux-gnu/crtn.o
COLLECT_GCC_OPTIONS='-v' '-rdynamic' '-o' 'cmTC_b12ff' '-shared-libgcc' '-mtune=generic' '-march=x86-64' '-dumpdir' 'cmTC_b12ff.'
gmake[1]: Leaving directory '/home/aramakilab/GRAMS/GRAMS/GRAMS_2021/build/CMakeFiles/CMakeTmp'



Parsed CXX implicit include dir info from above output: rv=done
  found start of include info
  found start of implicit include info
    add: [/opt/gcc/gcc-11.2.0/lib/gcc/x86_64-linux-gnu/11.2.0/../../../../include/c++/11.2.0]
    add: [/opt/gcc/gcc-11.2.0/lib/gcc/x86_64-linux-gnu/11.2.0/../../../../include/c++/11.2.0/x86_64-linux-gnu]
    add: [/opt/gcc/gcc-11.2.0/lib/gcc/x86_64-linux-gnu/11.2.0/../../../../include/c++/11.2.0/backward]
    add: [/opt/gcc/gcc-11.2.0/lib/gcc/x86_64-linux-gnu/11.2.0/include]
    add: [/usr/local/include]
    add: [/opt/gcc/gcc-11.2.0/include]
    add: [/opt/gcc/gcc-11.2.0/lib/gcc/x86_64-linux-gnu/11.2.0/include-fixed]
    add: [/usr/include/x86_64-linux-gnu]
    add: [/usr/include]
  end of search list found
  collapse include dir [/opt/gcc/gcc-11.2.0/lib/gcc/x86_64-linux-gnu/11.2.0/../../../../include/c++/11.2.0] ==> [/opt/gcc/gcc-11.2.0/include/c++/11.2.0]
  collapse include dir [/opt/gcc/gcc-11.2.0/lib/gcc/x86_64-linux-gnu/11.2.0/../../../../include/c++/11.2.0/x86_64-linux-gnu] ==> [/opt/gcc/gcc-11.2.0/include/c++/11.2.0/x86_64-linux-gnu]
  collapse include dir [/opt/gcc/gcc-11.2.0/lib/gcc/x86_64-linux-gnu/11.2.0/../../../../include/c++/11.2.0/backward] ==> [/opt/gcc/gcc-11.2.0/include/c++/11.2.0/backward]
  collapse include dir [/opt/gcc/gcc-11.2.0/lib/gcc/x86_64-linux-gnu/11.2.0/include] ==> [/opt/gcc/gcc-11.2.0/lib/gcc/x86_64-linux-gnu/11.2.0/include]
  collapse include dir [/usr/local/include] ==> [/usr/local/include]
  collapse include dir [/opt/gcc/gcc-11.2.0/include] ==> [/opt/gcc/gcc-11.2.0/include]
  collapse include dir [/opt/gcc/gcc-11.2.0/lib/gcc/x86_64-linux-gnu/11.2.0/include-fixed] ==> [/opt/gcc/gcc-11.2.0/lib/gcc/x86_64-linux-gnu/11.2.0/include-fixed]
  collapse include dir [/usr/include/x86_64-linux-gnu] ==> [/usr/include/x86_64-linux-gnu]
  collapse include dir [/usr/include] ==> [/usr/include]
  implicit include dirs: [/opt/gcc/gcc-11.2.0/include/c++/11.2.0;/opt/gcc/gcc-11.2.0/include/c++/11.2.0/x86_64-linux-gnu;/opt/gcc/gcc-11.2.0/include/c++/11.2.0/backward;/opt/gcc/gcc-11.2.0/lib/gcc/x86_64-linux-gnu/11.2.0/include;/usr/local/include;/opt/gcc/gcc-11.2.0/include;/opt/gcc/gcc-11.2.0/lib/gcc/x86_64-linux-gnu/11.2.0/include-fixed;/usr/include/x86_64-linux-gnu;/usr/include]


Parsed CXX implicit link information from above output:
  link line regex: [^( *|.*[/\])(ld|CMAKE_LINK_STARTFILE-NOTFOUND|([^/\]+-)?ld|collect2)[^/\]*( |$)]
  ignore line: [Change Dir: /home/aramakilab/GRAMS/GRAMS/GRAMS_2021/build/CMakeFiles/CMakeTmp]
  ignore line: []
  ignore line: [Run Build Command(s):/usr/bin/gmake -f Makefile cmTC_b12ff/fast && /usr/bin/gmake  -f CMakeFiles/cmTC_b12ff.dir/build.make CMakeFiles/cmTC_b12ff.dir/build]
  ignore line: [gmake[1]: Entering directory '/home/aramakilab/GRAMS/GRAMS/GRAMS_2021/build/CMakeFiles/CMakeTmp']
  ignore line: [Building CXX object CMakeFiles/cmTC_b12ff.dir/CMakeCXXCompilerABI.cpp.o]
  ignore line: [/opt/gcc/gcc-11.2.0/bin/g++   -v -o CMakeFiles/cmTC_b12ff.dir/CMakeCXXCompilerABI.cpp.o -c /usr/local/share/cmake-3.21/Modules/CMakeCXXCompilerABI.cpp]
  ignore line: [Using built-in specs.]
  ignore line: [COLLECT_GCC=/opt/gcc/gcc-11.2.0/bin/g++]
  ignore line: [Target: x86_64-linux-gnu]
  ignore line: [Configured with: ../gcc-releases-gcc-11.2.0/configure -v --build=x86_64-linux-gnu --host=x86_64-linux-gnu --target=x86_64-linux-gnu --prefix=/opt/gcc/gcc-11.2.0 --enable-checking=release --enable-languages=c c++ --disable-multilib]
  ignore line: [Thread model: posix]
  ignore line: [Supported LTO compression algorithms: zlib zstd]
  ignore line: [gcc version 11.2.0 (GCC) ]
  ignore line: [COLLECT_GCC_OPTIONS='-v' '-o' 'CMakeFiles/cmTC_b12ff.dir/CMakeCXXCompilerABI.cpp.o' '-c' '-shared-libgcc' '-mtune=generic' '-march=x86-64' '-dumpdir' 'CMakeFiles/cmTC_b12ff.dir/']
  ignore line: [ /opt/gcc/gcc-11.2.0/libexec/gcc/x86_64-linux-gnu/11.2.0/cc1plus -quiet -v -imultiarch x86_64-linux-gnu -D_GNU_SOURCE /usr/local/share/cmake-3.21/Modules/CMakeCXXCompilerABI.cpp -quiet -dumpdir CMakeFiles/cmTC_b12ff.dir/ -dumpbase CMakeCXXCompilerABI.cpp.cpp -dumpbase-ext .cpp -mtune=generic -march=x86-64 -version -o /tmp/ccWxVd6d.s]
  ignore line: [GNU C++17 (GCC) version 11.2.0 (x86_64-linux-gnu)]
  ignore line: [	compiled by GNU C version 11.2.0  GMP version 6.1.0  MPFR version 3.1.6  MPC version 1.0.3  isl version isl-0.18-GMP]
  ignore line: []
  ignore line: [GGC heuristics: --param ggc-min-expand=100 --param ggc-min-heapsize=131072]
  ignore line: [ignoring nonexistent directory "/usr/local/include/x86_64-linux-gnu"]
  ignore line: [ignoring nonexistent directory "/opt/gcc/gcc-11.2.0/lib/gcc/x86_64-linux-gnu/11.2.0/../../../../x86_64-linux-gnu/include"]
  ignore line: [#include "..." search starts here:]
  ignore line: [#include <...> search starts here:]
  ignore line: [ /opt/gcc/gcc-11.2.0/lib/gcc/x86_64-linux-gnu/11.2.0/../../../../include/c++/11.2.0]
  ignore line: [ /opt/gcc/gcc-11.2.0/lib/gcc/x86_64-linux-gnu/11.2.0/../../../../include/c++/11.2.0/x86_64-linux-gnu]
  ignore line: [ /opt/gcc/gcc-11.2.0/lib/gcc/x86_64-linux-gnu/11.2.0/../../../../include/c++/11.2.0/backward]
  ignore line: [ /opt/gcc/gcc-11.2.0/lib/gcc/x86_64-linux-gnu/11.2.0/include]
  ignore line: [ /usr/local/include]
  ignore line: [ /opt/gcc/gcc-11.2.0/include]
  ignore line: [ /opt/gcc/gcc-11.2.0/lib/gcc/x86_64-linux-gnu/11.2.0/include-fixed]
  ignore line: [ /usr/include/x86_64-linux-gnu]
  ignore line: [ /usr/include]
  ignore line: [End of search list.]
  ignore line: [GNU C++17 (GCC) version 11.2.0 (x86_64-linux-gnu)]
  ignore line: [	compiled by GNU C version 11.2.0  GMP version 6.1.0  MPFR version 3.1.6  MPC version 1.0.3  isl version isl-0.18-GMP]
  ignore line: []
  ignore line: [GGC heuristics: --param ggc-min-expand=100 --param ggc-min-heapsize=131072]
  ignore line: [Compiler executable checksum: 27cb13ed433d8fb42a9456017dbb8511]
  ignore line: [COLLECT_GCC_OPTIONS='-v' '-o' 'CMakeFiles/cmTC_b12ff.dir/CMakeCXXCompilerABI.cpp.o' '-c' '-shared-libgcc' '-mtune=generic' '-march=x86-64' '-dumpdir' 'CMakeFiles/cmTC_b12ff.dir/']
  ignore line: [ as -v --64 -o CMakeFiles/cmTC_b12ff.dir/CMakeCXXCompilerABI.cpp.o /tmp/ccWxVd6d.s]
  ignore line: [GNU assembler version 2.36.1 (x86_64-linux-gnu) using BFD version (GNU Binutils for Ubuntu) 2.36.1]
  ignore line: [COMPILER_PATH=/opt/gcc/gcc-11.2.0/libexec/gcc/x86_64-linux-gnu/11.2.0/:/opt/gcc/gcc-11.2.0/libexec/gcc/x86_64-linux-gnu/11.2.0/:/opt/gcc/gcc-11.2.0/libexec/gcc/x86_64-linux-gnu/:/opt/gcc/gcc-11.2.0/lib/gcc/x86_64-linux-gnu/11.2.0/:/opt/gcc/gcc-11.2.0/lib/gcc/x86_64-linux-gnu/]
  ignore line: [LIBRARY_PATH=/opt/gcc/gcc-11.2.0/lib/gcc/x86_64-linux-gnu/11.2.0/:/opt/gcc/gcc-11.2.0/lib/gcc/x86_64-linux-gnu/11.2.0/../../../../lib64/:/lib/x86_64-linux-gnu/:/lib/../lib64/:/usr/lib/x86_64-linux-gnu/:/usr/lib/../lib64/:/opt/gcc/gcc-11.2.0/lib/gcc/x86_64-linux-gnu/11.2.0/../../../:/lib/:/usr/lib/]
  ignore line: [COLLECT_GCC_OPTIONS='-v' '-o' 'CMakeFiles/cmTC_b12ff.dir/CMakeCXXCompilerABI.cpp.o' '-c' '-shared-libgcc' '-mtune=generic' '-march=x86-64' '-dumpdir' 'CMakeFiles/cmTC_b12ff.dir/CMakeCXXCompilerABI.cpp.']
  ignore line: [Linking CXX executable cmTC_b12ff]
  ignore line: [/usr/local/bin/cmake -E cmake_link_script CMakeFiles/cmTC_b12ff.dir/link.txt --verbose=1]
  ignore line: [/opt/gcc/gcc-11.2.0/bin/g++  -v -rdynamic CMakeFiles/cmTC_b12ff.dir/CMakeCXXCompilerABI.cpp.o -o cmTC_b12ff ]
  ignore line: [Using built-in specs.]
  ignore line: [COLLECT_GCC=/opt/gcc/gcc-11.2.0/bin/g++]
  ignore line: [COLLECT_LTO_WRAPPER=/opt/gcc/gcc-11.2.0/libexec/gcc/x86_64-linux-gnu/11.2.0/lto-wrapper]
  ignore line: [Target: x86_64-linux-gnu]
  ignore line: [Configured with: ../gcc-releases-gcc-11.2.0/configure -v --build=x86_64-linux-gnu --host=x86_64-linux-gnu --target=x86_64-linux-gnu --prefix=/opt/gcc/gcc-11.2.0 --enable-checking=release --enable-languages=c c++ --disable-multilib]
  ignore line: [Thread model: posix]
  ignore line: [Supported LTO compression algorithms: zlib zstd]
  ignore line: [gcc version 11.2.0 (GCC) ]
  ignore line: [COMPILER_PATH=/opt/gcc/gcc-11.2.0/libexec/gcc/x86_64-linux-gnu/11.2.0/:/opt/gcc/gcc-11.2.0/libexec/gcc/x86_64-linux-gnu/11.2.0/:/opt/gcc/gcc-11.2.0/libexec/gcc/x86_64-linux-gnu/:/opt/gcc/gcc-11.2.0/lib/gcc/x86_64-linux-gnu/11.2.0/:/opt/gcc/gcc-11.2.0/lib/gcc/x86_64-linux-gnu/]
  ignore line: [LIBRARY_PATH=/opt/gcc/gcc-11.2.0/lib/gcc/x86_64-linux-gnu/11.2.0/:/opt/gcc/gcc-11.2.0/lib/gcc/x86_64-linux-gnu/11.2.0/../../../../lib64/:/lib/x86_64-linux-gnu/:/lib/../lib64/:/usr/lib/x86_64-linux-gnu/:/usr/lib/../lib64/:/opt/gcc/gcc-11.2.0/lib/gcc/x86_64-linux-gnu/11.2.0/../../../:/lib/:/usr/lib/]
  ignore line: [COLLECT_GCC_OPTIONS='-v' '-rdynamic' '-o' 'cmTC_b12ff' '-shared-libgcc' '-mtune=generic' '-march=x86-64' '-dumpdir' 'cmTC_b12ff.']
  link line: [ /opt/gcc/gcc-11.2.0/libexec/gcc/x86_64-linux-gnu/11.2.0/collect2 -plugin /opt/gcc/gcc-11.2.0/libexec/gcc/x86_64-linux-gnu/11.2.0/liblto_plugin.so -plugin-opt=/opt/gcc/gcc-11.2.0/libexec/gcc/x86_64-linux-gnu/11.2.0/lto-wrapper -plugin-opt=-fresolution=/tmp/ccpjylvt.res -plugin-opt=-pass-through=-lgcc_s -plugin-opt=-pass-through=-lgcc -plugin-opt=-pass-through=-lc -plugin-opt=-pass-through=-lgcc_s -plugin-opt=-pass-through=-lgcc --eh-frame-hdr -m elf_x86_64 -export-dynamic -dynamic-linker /lib64/ld-linux-x86-64.so.2 -o cmTC_b12ff /lib/x86_64-linux-gnu/crt1.o /lib/x86_64-linux-gnu/crti.o /opt/gcc/gcc-11.2.0/lib/gcc/x86_64-linux-gnu/11.2.0/crtbegin.o -L/opt/gcc/gcc-11.2.0/lib/gcc/x86_64-linux-gnu/11.2.0 -L/opt/gcc/gcc-11.2.0/lib/gcc/x86_64-linux-gnu/11.2.0/../../../../lib64 -L/lib/x86_64-linux-gnu -L/lib/../lib64 -L/usr/lib/x86_64-linux-gnu -L/usr/lib/../lib64 -L/opt/gcc/gcc-11.2.0/lib/gcc/x86_64-linux-gnu/11.2.0/../../.. CMakeFiles/cmTC_b12ff.dir/CMakeCXXCompilerABI.cpp.o -lstdc++ -lm -lgcc_s -lgcc -lc -lgcc_s -lgcc /opt/gcc/gcc-11.2.0/lib/gcc/x86_64-linux-gnu/11.2.0/crtend.o /lib/x86_64-linux-gnu/crtn.o]
    arg [/opt/gcc/gcc-11.2.0/libexec/gcc/x86_64-linux-gnu/11.2.0/collect2] ==> ignore
    arg [-plugin] ==> ignore
    arg [/opt/gcc/gcc-11.2.0/libexec/gcc/x86_64-linux-gnu/11.2.0/liblto_plugin.so] ==> ignore
    arg [-plugin-opt=/opt/gcc/gcc-11.2.0/libexec/gcc/x86_64-linux-gnu/11.2.0/lto-wrapper] ==> ignore
    arg [-plugin-opt=-fresolution=/tmp/ccpjylvt.res] ==> ignore
    arg [-plugin-opt=-pass-through=-lgcc_s] ==> ignore
    arg [-plugin-opt=-pass-through=-lgcc] ==> ignore
    arg [-plugin-opt=-pass-through=-lc] ==> ignore
    arg [-plugin-opt=-pass-through=-lgcc_s] ==> ignore
    arg [-plugin-opt=-pass-through=-lgcc] ==> ignore
    arg [--eh-frame-hdr] ==> ignore
    arg [-m] ==> ignore
    arg [elf_x86_64] ==> ignore
    arg [-export-dynamic] ==> ignore
    arg [-dynamic-linker] ==> ignore
    arg [/lib64/ld-linux-x86-64.so.2] ==> ignore
    arg [-o] ==> ignore
    arg [cmTC_b12ff] ==> ignore
    arg [/lib/x86_64-linux-gnu/crt1.o] ==> obj [/lib/x86_64-linux-gnu/crt1.o]
    arg [/lib/x86_64-linux-gnu/crti.o] ==> obj [/lib/x86_64-linux-gnu/crti.o]
    arg [/opt/gcc/gcc-11.2.0/lib/gcc/x86_64-linux-gnu/11.2.0/crtbegin.o] ==> obj [/opt/gcc/gcc-11.2.0/lib/gcc/x86_64-linux-gnu/11.2.0/crtbegin.o]
    arg [-L/opt/gcc/gcc-11.2.0/lib/gcc/x86_64-linux-gnu/11.2.0] ==> dir [/opt/gcc/gcc-11.2.0/lib/gcc/x86_64-linux-gnu/11.2.0]
    arg [-L/opt/gcc/gcc-11.2.0/lib/gcc/x86_64-linux-gnu/11.2.0/../../../../lib64] ==> dir [/opt/gcc/gcc-11.2.0/lib/gcc/x86_64-linux-gnu/11.2.0/../../../../lib64]
    arg [-L/lib/x86_64-linux-gnu] ==> dir [/lib/x86_64-linux-gnu]
    arg [-L/lib/../lib64] ==> dir [/lib/../lib64]
    arg [-L/usr/lib/x86_64-linux-gnu] ==> dir [/usr/lib/x86_64-linux-gnu]
    arg [-L/usr/lib/../lib64] ==> dir [/usr/lib/../lib64]
    arg [-L/opt/gcc/gcc-11.2.0/lib/gcc/x86_64-linux-gnu/11.2.0/../../..] ==> dir [/opt/gcc/gcc-11.2.0/lib/gcc/x86_64-linux-gnu/11.2.0/../../..]
    arg [CMakeFiles/cmTC_b12ff.dir/CMakeCXXCompilerABI.cpp.o] ==> ignore
    arg [-lstdc++] ==> lib [stdc++]
    arg [-lm] ==> lib [m]
    arg [-lgcc_s] ==> lib [gcc_s]
    arg [-lgcc] ==> lib [gcc]
    arg [-lc] ==> lib [c]
    arg [-lgcc_s] ==> lib [gcc_s]
    arg [-lgcc] ==> lib [gcc]
    arg [/opt/gcc/gcc-11.2.0/lib/gcc/x86_64-linux-gnu/11.2.0/crtend.o] ==> obj [/opt/gcc/gcc-11.2.0/lib/gcc/x86_64-linux-gnu/11.2.0/crtend.o]
    arg [/lib/x86_64-linux-gnu/crtn.o] ==> obj [/lib/x86_64-linux-gnu/crtn.o]
  collapse library dir [/opt/gcc/gcc-11.2.0/lib/gcc/x86_64-linux-gnu/11.2.0] ==> [/opt/gcc/gcc-11.2.0/lib/gcc/x86_64-linux-gnu/11.2.0]
  collapse library dir [/opt/gcc/gcc-11.2.0/lib/gcc/x86_64-linux-gnu/11.2.0/../../../../lib64] ==> [/opt/gcc/gcc-11.2.0/lib64]
  collapse library dir [/lib/x86_64-linux-gnu] ==> [/lib/x86_64-linux-gnu]
  collapse library dir [/lib/../lib64] ==> [/lib64]
  collapse library dir [/usr/lib/x86_64-linux-gnu] ==> [/usr/lib/x86_64-linux-gnu]
  collapse library dir [/usr/lib/../lib64] ==> [/usr/lib64]
  collapse library dir [/opt/gcc/gcc-11.2.0/lib/gcc/x86_64-linux-gnu/11.2.0/../../..] ==> [/opt/gcc/gcc-11.2.0/lib]
  implicit libs: [stdc++;m;gcc_s;gcc;c;gcc_s;gcc]
  implicit objs: [/lib/x86_64-linux-gnu/crt1.o;/lib/x86_64-linux-gnu/crti.o;/opt/gcc/gcc-11.2.0/lib/gcc/x86_64-linux-gnu/11.2.0/crtbegin.o;/opt/gcc/gcc-11.2.0/lib/gcc/x86_64-linux-gnu/11.2.0/crtend.o;/lib/x86_64-linux-gnu/crtn.o]
  implicit dirs: [/opt/gcc/gcc-11.2.0/lib/gcc/x86_64-linux-gnu/11.2.0;/opt/gcc/gcc-11.2.0/lib64;/lib/x86_64-linux-gnu;/lib64;/usr/lib/x86_64-linux-gnu;/usr/lib64;/opt/gcc/gcc-11.2.0/lib]
  implicit fwks: []


Determining if the include file pthread.h exists passed with the following output:
Change Dir: /home/aramakilab/GRAMS/GRAMS/GRAMS_2021/build/CMakeFiles/CMakeTmp

Run Build Command(s):/usr/bin/gmake -f Makefile cmTC_03e5c/fast && /usr/bin/gmake  -f CMakeFiles/cmTC_03e5c.dir/build.make CMakeFiles/cmTC_03e5c.dir/build
gmake[1]: Entering directory '/home/aramakilab/GRAMS/GRAMS/GRAMS_2021/build/CMakeFiles/CMakeTmp'
Building C object CMakeFiles/cmTC_03e5c.dir/CheckIncludeFile.c.o
/opt/gcc/gcc-11.2.0/bin/gcc    -o CMakeFiles/cmTC_03e5c.dir/CheckIncludeFile.c.o -c /home/aramakilab/GRAMS/GRAMS/GRAMS_2021/build/CMakeFiles/CMakeTmp/CheckIncludeFile.c
Linking C executable cmTC_03e5c
/usr/local/bin/cmake -E cmake_link_script CMakeFiles/cmTC_03e5c.dir/link.txt --verbose=1
/opt/gcc/gcc-11.2.0/bin/gcc CMakeFiles/cmTC_03e5c.dir/CheckIncludeFile.c.o -o cmTC_03e5c 
gmake[1]: Leaving directory '/home/aramakilab/GRAMS/GRAMS/GRAMS_2021/build/CMakeFiles/CMakeTmp'



Determining if the function XOpenDisplay exists in the /usr/lib/x86_64-linux-gnu/libX11.so;/usr/lib/x86_64-linux-gnu/libXext.so passed with the following output:
Change Dir: /home/aramakilab/GRAMS/GRAMS/GRAMS_2021/build/CMakeFiles/CMakeTmp

Run Build Command(s):/usr/bin/gmake -f Makefile cmTC_a0e37/fast && /usr/bin/gmake  -f CMakeFiles/cmTC_a0e37.dir/build.make CMakeFiles/cmTC_a0e37.dir/build
gmake[1]: Entering directory '/home/aramakilab/GRAMS/GRAMS/GRAMS_2021/build/CMakeFiles/CMakeTmp'
Building C object CMakeFiles/cmTC_a0e37.dir/CheckFunctionExists.c.o
/opt/gcc/gcc-11.2.0/bin/gcc   -DCHECK_FUNCTION_EXISTS=XOpenDisplay -o CMakeFiles/cmTC_a0e37.dir/CheckFunctionExists.c.o -c /usr/local/share/cmake-3.21/Modules/CheckFunctionExists.c
Linking C executable cmTC_a0e37
/usr/local/bin/cmake -E cmake_link_script CMakeFiles/cmTC_a0e37.dir/link.txt --verbose=1
/opt/gcc/gcc-11.2.0/bin/gcc  -DCHECK_FUNCTION_EXISTS=XOpenDisplay CMakeFiles/cmTC_a0e37.dir/CheckFunctionExists.c.o -o cmTC_a0e37  /usr/lib/x86_64-linux-gnu/libX11.so /usr/lib/x86_64-linux-gnu/libXext.so 
gmake[1]: Leaving directory '/home/aramakilab/GRAMS/GRAMS/GRAMS_2021/build/CMakeFiles/CMakeTmp'



Determining if the function gethostbyname exists passed with the following output:
Change Dir: /home/aramakilab/GRAMS/GRAMS/GRAMS_2021/build/CMakeFiles/CMakeTmp

Run Build Command(s):/usr/bin/gmake -f Makefile cmTC_761ee/fast && /usr/bin/gmake  -f CMakeFiles/cmTC_761ee.dir/build.make CMakeFiles/cmTC_761ee.dir/build
gmake[1]: Entering directory '/home/aramakilab/GRAMS/GRAMS/GRAMS_2021/build/CMakeFiles/CMakeTmp'
Building C object CMakeFiles/cmTC_761ee.dir/CheckFunctionExists.c.o
/opt/gcc/gcc-11.2.0/bin/gcc   -DCHECK_FUNCTION_EXISTS=gethostbyname -o CMakeFiles/cmTC_761ee.dir/CheckFunctionExists.c.o -c /usr/local/share/cmake-3.21/Modules/CheckFunctionExists.c
Linking C executable cmTC_761ee
/usr/local/bin/cmake -E cmake_link_script CMakeFiles/cmTC_761ee.dir/link.txt --verbose=1
/opt/gcc/gcc-11.2.0/bin/gcc  -DCHECK_FUNCTION_EXISTS=gethostbyname CMakeFiles/cmTC_761ee.dir/CheckFunctionExists.c.o -o cmTC_761ee 
gmake[1]: Leaving directory '/home/aramakilab/GRAMS/GRAMS/GRAMS_2021/build/CMakeFiles/CMakeTmp'



Determining if the function connect exists passed with the following output:
Change Dir: /home/aramakilab/GRAMS/GRAMS/GRAMS_2021/build/CMakeFiles/CMakeTmp

Run Build Command(s):/usr/bin/gmake -f Makefile cmTC_1fa6f/fast && /usr/bin/gmake  -f CMakeFiles/cmTC_1fa6f.dir/build.make CMakeFiles/cmTC_1fa6f.dir/build
gmake[1]: Entering directory '/home/aramakilab/GRAMS/GRAMS/GRAMS_2021/build/CMakeFiles/CMakeTmp'
Building C object CMakeFiles/cmTC_1fa6f.dir/CheckFunctionExists.c.o
/opt/gcc/gcc-11.2.0/bin/gcc   -DCHECK_FUNCTION_EXISTS=connect -o CMakeFiles/cmTC_1fa6f.dir/CheckFunctionExists.c.o -c /usr/local/share/cmake-3.21/Modules/CheckFunctionExists.c
Linking C executable cmTC_1fa6f
/usr/local/bin/cmake -E cmake_link_script CMakeFiles/cmTC_1fa6f.dir/link.txt --verbose=1
/opt/gcc/gcc-11.2.0/bin/gcc  -DCHECK_FUNCTION_EXISTS=connect CMakeFiles/cmTC_1fa6f.dir/CheckFunctionExists.c.o -o cmTC_1fa6f 
gmake[1]: Leaving directory '/home/aramakilab/GRAMS/GRAMS/GRAMS_2021/build/CMakeFiles/CMakeTmp'



Determining if the function remove exists passed with the following output:
Change Dir: /home/aramakilab/GRAMS/GRAMS/GRAMS_2021/build/CMakeFiles/CMakeTmp

Run Build Command(s):/usr/bin/gmake -f Makefile cmTC_d7da4/fast && /usr/bin/gmake  -f CMakeFiles/cmTC_d7da4.dir/build.make CMakeFiles/cmTC_d7da4.dir/build
gmake[1]: Entering directory '/home/aramakilab/GRAMS/GRAMS/GRAMS_2021/build/CMakeFiles/CMakeTmp'
Building C object CMakeFiles/cmTC_d7da4.dir/CheckFunctionExists.c.o
/opt/gcc/gcc-11.2.0/bin/gcc   -DCHECK_FUNCTION_EXISTS=remove -o CMakeFiles/cmTC_d7da4.dir/CheckFunctionExists.c.o -c /usr/local/share/cmake-3.21/Modules/CheckFunctionExists.c
Linking C executable cmTC_d7da4
/usr/local/bin/cmake -E cmake_link_script CMakeFiles/cmTC_d7da4.dir/link.txt --verbose=1
/opt/gcc/gcc-11.2.0/bin/gcc  -DCHECK_FUNCTION_EXISTS=remove CMakeFiles/cmTC_d7da4.dir/CheckFunctionExists.c.o -o cmTC_d7da4 
gmake[1]: Leaving directory '/home/aramakilab/GRAMS/GRAMS/GRAMS_2021/build/CMakeFiles/CMakeTmp'



Determining if the function shmat exists passed with the following output:
Change Dir: /home/aramakilab/GRAMS/GRAMS/GRAMS_2021/build/CMakeFiles/CMakeTmp

Run Build Command(s):/usr/bin/gmake -f Makefile cmTC_15bf6/fast && /usr/bin/gmake  -f CMakeFiles/cmTC_15bf6.dir/build.make CMakeFiles/cmTC_15bf6.dir/build
gmake[1]: Entering directory '/home/aramakilab/GRAMS/GRAMS/GRAMS_2021/build/CMakeFiles/CMakeTmp'
Building C object CMakeFiles/cmTC_15bf6.dir/CheckFunctionExists.c.o
/opt/gcc/gcc-11.2.0/bin/gcc   -DCHECK_FUNCTION_EXISTS=shmat -o CMakeFiles/cmTC_15bf6.dir/CheckFunctionExists.c.o -c /usr/local/share/cmake-3.21/Modules/CheckFunctionExists.c
Linking C executable cmTC_15bf6
/usr/local/bin/cmake -E cmake_link_script CMakeFiles/cmTC_15bf6.dir/link.txt --verbose=1
/opt/gcc/gcc-11.2.0/bin/gcc  -DCHECK_FUNCTION_EXISTS=shmat CMakeFiles/cmTC_15bf6.dir/CheckFunctionExists.c.o -o cmTC_15bf6 
gmake[1]: Leaving directory '/home/aramakilab/GRAMS/GRAMS/GRAMS_2021/build/CMakeFiles/CMakeTmp'



Determining if the function IceConnectionNumber exists in the ICE passed with the following output:
Change Dir: /home/aramakilab/GRAMS/GRAMS/GRAMS_2021/build/CMakeFiles/CMakeTmp

Run Build Command(s):/usr/bin/gmake -f Makefile cmTC_a6c45/fast && /usr/bin/gmake  -f CMakeFiles/cmTC_a6c45.dir/build.make CMakeFiles/cmTC_a6c45.dir/build
gmake[1]: Entering directory '/home/aramakilab/GRAMS/GRAMS/GRAMS_2021/build/CMakeFiles/CMakeTmp'
Building C object CMakeFiles/cmTC_a6c45.dir/CheckFunctionExists.c.o
/opt/gcc/gcc-11.2.0/bin/gcc   -DCHECK_FUNCTION_EXISTS=IceConnectionNumber -o CMakeFiles/cmTC_a6c45.dir/CheckFunctionExists.c.o -c /usr/local/share/cmake-3.21/Modules/CheckFunctionExists.c
Linking C executable cmTC_a6c45
/usr/local/bin/cmake -E cmake_link_script CMakeFiles/cmTC_a6c45.dir/link.txt --verbose=1
/opt/gcc/gcc-11.2.0/bin/gcc  -DCHECK_FUNCTION_EXISTS=IceConnectionNumber CMakeFiles/cmTC_a6c45.dir/CheckFunctionExists.c.o -o cmTC_a6c45  -lICE 
gmake[1]: Leaving directory '/home/aramakilab/GRAMS/GRAMS/GRAMS_2021/build/CMakeFiles/CMakeTmp'



